
{"context":{"action":"buyer_signup","metadata":{"languages":["English"],"phone":"9018319661"},"userId":"hbvb8vvevCepUlCwhwSj","userType":"buyer"},"level":"info","message":"Created new buyer account","timestamp":"2025-09-11T17:38:33.495Z"}
{"context":{"action":"realtor_registration","metadata":{"email":"abdula@abdu.com","nearbyCitiesCount":0,"primaryCity":"Setup Required","totalCitiesServed":0},"userId":"19d0d54a-d165-4593-8421-2ba69d9bbadf"},"level":"info","message":"Realtor registered successfully","timestamp":"2025-09-11T17:48:27.987Z"}
{"context":{"action":"realtor_dashboard_load","metadata":{"availableLeadsCount":0,"credits":3,"ownedBuyersCount":0,"transactionCount":0},"userId":"19d0d54a-d165-4593-8421-2ba69d9bbadf"},"level":"info","message":"Realtor dashboard loaded","timestamp":"2025-09-11T17:48:38.240Z"}
{"context":{"action":"realtor_dashboard_load","metadata":{"availableLeadsCount":0,"credits":3,"ownedBuyersCount":0,"transactionCount":0},"userId":"19d0d54a-d165-4593-8421-2ba69d9bbadf"},"level":"info","message":"Realtor dashboard loaded","timestamp":"2025-09-11T17:54:23.200Z"}
{"context":{"action":"realtor_dashboard_load","metadata":{"availableLeadsCount":0,"credits":3,"ownedBuyersCount":0,"transactionCount":0},"userId":"19d0d54a-d165-4593-8421-2ba69d9bbadf"},"level":"info","message":"Realtor dashboard loaded","timestamp":"2025-09-11T17:54:24.122Z"}
{"context":{"action":"realtor_dashboard_load","metadata":{"availableLeadsCount":0,"credits":3,"ownedBuyersCount":0,"transactionCount":0},"userId":"19d0d54a-d165-4593-8421-2ba69d9bbadf"},"level":"info","message":"Realtor dashboard loaded","timestamp":"2025-09-11T17:54:36.254Z"}
{"context":{"action":"realtor_dashboard_load","metadata":{"availableLeadsCount":0,"credits":3,"ownedBuyersCount":0,"transactionCount":0},"userId":"19d0d54a-d165-4593-8421-2ba69d9bbadf"},"level":"info","message":"Realtor dashboard loaded","timestamp":"2025-09-11T17:54:36.901Z"}
{"context":{"action":"buyer_signup","metadata":{"languages":["English"],"phone":"9018319661"},"userId":"6FGjw4XNvTDkztiBGFp3","userType":"buyer"},"level":"info","message":"Created new buyer account","timestamp":"2025-09-11T18:20:54.098Z"}
{"context":{"action":"buyer_signup","metadata":{"languages":["English"],"phone":"9018319661"},"userId":"u94D4juMnrOGhoYYE6ty","userType":"buyer"},"level":"info","message":"Created new buyer account","timestamp":"2025-09-11T18:24:26.705Z"}
{"context":{"action":"realtor_registration","metadata":{"email":"abuadsa@radfalk.com","nearbyCitiesCount":0,"primaryCity":"Setup Required","totalCitiesServed":0},"userId":"63fe76c2-a9a9-49d4-b84a-1eefa814813e"},"level":"info","message":"Realtor registered successfully","timestamp":"2025-09-11T18:24:53.067Z"}
{"context":{"action":"realtor_dashboard_load","metadata":{"availableLeadsCount":0,"credits":3,"ownedBuyersCount":0,"transactionCount":0},"userId":"63fe76c2-a9a9-49d4-b84a-1eefa814813e"},"level":"info","message":"Realtor dashboard loaded","timestamp":"2025-09-11T18:25:02.170Z"}
{"context":{"action":"buyer_signup","metadata":{"languages":["English"],"phone":"9018319661"},"userId":"zH9kcyqNYXV99c9NjKZD","userType":"buyer"},"level":"info","message":"Created new buyer account","timestamp":"2025-09-11T18:25:26.160Z"}
{"context":{"action":"realtor_registration","metadata":{"email":"abudafd@fafda.com","nearbyCitiesCount":0,"primaryCity":"Setup Required","totalCitiesServed":0},"userId":"c9058fba-6d9e-4d2a-b325-50b459988d56"},"level":"info","message":"Realtor registered successfully","timestamp":"2025-09-11T18:28:53.434Z"}
{"context":{"action":"realtor_dashboard_load","metadata":{"availableLeadsCount":1,"credits":3,"ownedBuyersCount":0,"transactionCount":0},"userId":"c9058fba-6d9e-4d2a-b325-50b459988d56"},"level":"info","message":"Realtor dashboard loaded","timestamp":"2025-09-11T18:29:02.605Z"}
{"context":{"action":"lead_purchase","metadata":{"buyerName":"abdullah abunasrah","creditsRemaining":2,"leadId":"buyer_1757615136446_la5lb7czs","purchasePrice":8},"userId":"c9058fba-6d9e-4d2a-b325-50b459988d56"},"level":"info","message":"Lead purchased successfully","timestamp":"2025-09-11T18:29:09.194Z"}
{"context":{"action":"realtor_dashboard_load","metadata":{"availableLeadsCount":0,"credits":2,"ownedBuyersCount":1,"transactionCount":1},"userId":"c9058fba-6d9e-4d2a-b325-50b459988d56"},"level":"info","message":"Realtor dashboard loaded","timestamp":"2025-09-11T18:29:10.069Z"}
{"context":{"action":"realtor_dashboard_load","metadata":{"availableLeadsCount":0,"credits":2,"ownedBuyersCount":1,"transactionCount":1},"userId":"c9058fba-6d9e-4d2a-b325-50b459988d56"},"level":"info","message":"Realtor dashboard loaded","timestamp":"2025-09-11T18:30:08.634Z"}
{"context":{"action":"realtor_dashboard_load","metadata":{"availableLeadsCount":0,"credits":2,"ownedBuyersCount":1,"transactionCount":1},"userId":"c9058fba-6d9e-4d2a-b325-50b459988d56"},"level":"info","message":"Realtor dashboard loaded","timestamp":"2025-09-11T18:30:09.610Z"}
{"context":{"action":"realtor_dashboard_load","metadata":{"availableLeadsCount":0,"credits":2,"ownedBuyersCount":1,"transactionCount":1},"userId":"c9058fba-6d9e-4d2a-b325-50b459988d56"},"level":"info","message":"Realtor dashboard loaded","timestamp":"2025-09-11T18:30:52.119Z"}
{"context":{"action":"realtor_dashboard_load","metadata":{"availableLeadsCount":0,"credits":2,"ownedBuyersCount":1,"transactionCount":1},"userId":"c9058fba-6d9e-4d2a-b325-50b459988d56"},"level":"info","message":"Realtor dashboard loaded","timestamp":"2025-09-11T18:34:01.701Z"}
{"context":{"action":"realtor_dashboard_load","metadata":{"availableLeadsCount":0,"credits":2,"ownedBuyersCount":1,"transactionCount":1},"userId":"c9058fba-6d9e-4d2a-b325-50b459988d56"},"level":"info","message":"Realtor dashboard loaded","timestamp":"2025-09-11T18:34:09.592Z"}
{"context":{"action":"realtor_dashboard_load","metadata":{"availableLeadsCount":0,"credits":2,"ownedBuyersCount":1,"transactionCount":1},"userId":"c9058fba-6d9e-4d2a-b325-50b459988d56"},"level":"info","message":"Realtor dashboard loaded","timestamp":"2025-09-11T18:38:57.511Z"}
{"context":{"action":"buyer_signup","metadata":{"languages":["English"],"phone":"9018319661"},"userId":"00YuwVCreXPIFfSV6NQs","userType":"buyer"},"level":"info","message":"Created new buyer account","timestamp":"2025-09-11T18:46:00.570Z"}
{"context":{"action":"realtor_registration","metadata":{"email":"abfadf@adsfad.com","nearbyCitiesCount":0,"primaryCity":"Setup Required","totalCitiesServed":0},"userId":"ca3f4e71-3d0b-408f-b504-92ffa28cac7f"},"level":"info","message":"Realtor registered successfully","timestamp":"2025-09-11T18:48:03.887Z"}
{"context":{"action":"realtor_dashboard_load","metadata":{"availableLeadsCount":0,"credits":3,"ownedBuyersCount":0,"transactionCount":0},"userId":"ca3f4e71-3d0b-408f-b504-92ffa28cac7f"},"level":"info","message":"Realtor dashboard loaded","timestamp":"2025-09-11T18:49:13.720Z"}
{"context":{"action":"realtor_dashboard_load","metadata":{"availableLeadsCount":0,"credits":3,"ownedBuyersCount":0,"transactionCount":0},"userId":"ca3f4e71-3d0b-408f-b504-92ffa28cac7f"},"level":"info","message":"Realtor dashboard loaded","timestamp":"2025-09-11T18:49:14.418Z"}
{"context":{"action":"buyer_signup","metadata":{"languages":["English"],"phone":"9018319661"},"userId":"0DkC1iX8RWVOKGqfLSbo","userType":"buyer"},"level":"info","message":"Created new buyer account","timestamp":"2025-09-11T18:49:35.639Z"}
{"context":{"action":"realtor_registration","metadata":{"email":"afdaklfj@gmailc.com","nearbyCitiesCount":0,"primaryCity":"Setup Required","totalCitiesServed":0},"userId":"66e5943f-27c2-425a-ba5e-f26151faa0d0"},"level":"info","message":"Realtor registered successfully","timestamp":"2025-09-11T18:50:10.586Z"}
{"context":{"action":"realtor_dashboard_load","metadata":{"availableLeadsCount":2,"credits":3,"ownedBuyersCount":0,"transactionCount":0},"userId":"66e5943f-27c2-425a-ba5e-f26151faa0d0"},"level":"info","message":"Realtor dashboard loaded","timestamp":"2025-09-11T18:50:51.588Z"}
{"context":{"action":"realtor_dashboard_load","metadata":{"availableLeadsCount":2,"credits":3,"ownedBuyersCount":0,"transactionCount":0},"userId":"66e5943f-27c2-425a-ba5e-f26151faa0d0"},"level":"info","message":"Realtor dashboard loaded","timestamp":"2025-09-11T18:58:29.599Z"}
{"context":{"action":"realtor_dashboard_load","metadata":{"availableLeadsCount":2,"credits":3,"ownedBuyersCount":0,"transactionCount":0},"userId":"66e5943f-27c2-425a-ba5e-f26151faa0d0"},"level":"info","message":"Realtor dashboard loaded","timestamp":"2025-09-11T18:58:30.405Z"}
{"context":{"action":"lead_purchase","metadata":{"buyerName":"Abdull Abunasrah","creditsRemaining":2,"leadId":"buyer_1757616390606_an4ctpiw9","purchasePrice":8},"userId":"66e5943f-27c2-425a-ba5e-f26151faa0d0"},"level":"info","message":"Lead purchased successfully","timestamp":"2025-09-11T18:58:37.450Z"}
{"context":{"action":"realtor_dashboard_load","metadata":{"availableLeadsCount":1,"credits":2,"ownedBuyersCount":1,"transactionCount":1},"userId":"66e5943f-27c2-425a-ba5e-f26151faa0d0"},"level":"info","message":"Realtor dashboard loaded","timestamp":"2025-09-11T18:58:38.399Z"}
{"context":{"action":"realtor_dashboard_load","metadata":{"availableLeadsCount":1,"credits":2,"ownedBuyersCount":1,"transactionCount":1},"userId":"66e5943f-27c2-425a-ba5e-f26151faa0d0"},"level":"info","message":"Realtor dashboard loaded","timestamp":"2025-09-11T19:05:10.093Z"}
{"context":{"action":"realtor_dashboard_load","metadata":{"availableLeadsCount":1,"credits":2,"ownedBuyersCount":1,"transactionCount":1},"userId":"66e5943f-27c2-425a-ba5e-f26151faa0d0"},"level":"info","message":"Realtor dashboard loaded","timestamp":"2025-09-11T19:05:11.122Z"}
{"context":{"action":"dispute_submitted","metadata":{"buyerId":"buyer_1757616390606_an4ctpiw9","disputeId":{"buyerCity":"Dallas","buyerId":"buyer_1757616390606_an4ctpiw9","buyerName":"Abdull Abunasrah","buyerState":"TX","createdAt":{"_methodName":"serverTimestamp"},"creditsCost":1,"description":"wrong\n","id":"c607a86e-4552-463f-ab36-374a2a195460","realtorUserId":"66e5943f-27c2-425a-ba5e-f26151faa0d0","reason":"invalid_contact","status":"pending","submittedAt":{"nanoseconds":702000000,"seconds":1757617521,"type":"firestore/timestamp/1.0"},"transactionId":"39090eb1-746a-419b-b1f1-0ecfea6d73af","updatedAt":{"_methodName":"serverTimestamp"}},"reason":"invalid_contact"},"userId":"66e5943f-27c2-425a-ba5e-f26151faa0d0"},"level":"info","message":"Lead dispute submitted","timestamp":"2025-09-11T19:05:21.802Z"}
{"context":{"action":"realtor_dashboard_load","metadata":{"availableLeadsCount":1,"credits":2,"ownedBuyersCount":1,"transactionCount":1},"userId":"66e5943f-27c2-425a-ba5e-f26151faa0d0"},"level":"info","message":"Realtor dashboard loaded","timestamp":"2025-09-11T19:05:22.677Z"}
{"context":{"action":"realtor_dashboard_load","metadata":{"availableLeadsCount":1,"credits":2,"ownedBuyersCount":1,"transactionCount":1},"userId":"66e5943f-27c2-425a-ba5e-f26151faa0d0"},"level":"info","message":"Realtor dashboard loaded","timestamp":"2025-09-11T19:05:38.353Z"}
{"context":{"action":"realtor_dashboard_load","metadata":{"availableLeadsCount":1,"credits":2,"ownedBuyersCount":1,"transactionCount":1},"userId":"66e5943f-27c2-425a-ba5e-f26151faa0d0"},"level":"info","message":"Realtor dashboard loaded","timestamp":"2025-09-11T19:05:39.014Z"}
{"context":{"action":"buyer_signup","metadata":{"languages":["English"],"phone":"9018319661"},"userId":"oW05qRaidpaMa37pDIF1","userType":"buyer"},"level":"info","message":"Created new buyer account","timestamp":"2025-09-11T19:15:18.609Z"}
{"context":{"action":"buyer_signup","metadata":{"languages":["English"],"phone":"9018319661"},"userId":"WR8x3uklZFHW8QnCYaGq","userType":"buyer"},"level":"info","message":"Created new buyer account","timestamp":"2025-09-11T19:22:04.780Z"}
{"context":{"action":"realtor_registration","metadata":{"email":"adfadf@afdaklj.com","nearbyCitiesCount":0,"primaryCity":"Setup Required","totalCitiesServed":0},"userId":"01148f32-16ff-4e93-bc82-f5467aaa3b9b"},"level":"info","message":"Realtor registered successfully","timestamp":"2025-09-11T19:31:36.220Z"}
{"context":{"action":"realtor_dashboard_load","metadata":{"availableLeadsCount":0,"credits":3,"ownedBuyersCount":0,"transactionCount":0},"userId":"01148f32-16ff-4e93-bc82-f5467aaa3b9b"},"level":"info","message":"Realtor dashboard loaded","timestamp":"2025-09-11T19:36:43.793Z"}
{"context":{"action":"realtor_dashboard_load","metadata":{"availableLeadsCount":0,"credits":3,"ownedBuyersCount":0,"transactionCount":0},"userId":"01148f32-16ff-4e93-bc82-f5467aaa3b9b"},"level":"info","message":"Realtor dashboard loaded","timestamp":"2025-09-11T19:36:45.219Z"}
{"context":{"action":"buyer_signup","metadata":{"languages":["English"],"phone":"9018319661"},"userId":"BsMQtmbDD8RglFiQxeVu","userType":"buyer"},"level":"info","message":"Created new buyer account","timestamp":"2025-09-11T19:38:03.688Z"}
{"context":{"action":"realtor_registration","metadata":{"email":"abudaf@kfadf.com","nearbyCitiesCount":0,"primaryCity":"Setup Required","totalCitiesServed":0},"userId":"22e9157c-afbc-4aa8-b0f2-c10de369faa5"},"level":"info","message":"Realtor registered successfully","timestamp":"2025-09-11T19:39:23.102Z"}
{"context":{"action":"realtor_dashboard_load","metadata":{"availableLeadsCount":1,"credits":3,"ownedBuyersCount":0,"transactionCount":0},"userId":"22e9157c-afbc-4aa8-b0f2-c10de369faa5"},"level":"info","message":"Realtor dashboard loaded","timestamp":"2025-09-11T19:39:42.051Z"}
{"context":{"action":"realtor_dashboard_load","metadata":{"availableLeadsCount":1,"credits":3,"ownedBuyersCount":0,"transactionCount":0},"userId":"22e9157c-afbc-4aa8-b0f2-c10de369faa5"},"level":"info","message":"Realtor dashboard loaded","timestamp":"2025-09-11T19:39:43.070Z"}
{"context":{"action":"lead_purchase","metadata":{"buyerName":"abdull afdalkj","creditsRemaining":2,"leadId":"buyer_1757619539322_hama8ql8","purchasePrice":8},"userId":"22e9157c-afbc-4aa8-b0f2-c10de369faa5"},"level":"info","message":"Lead purchased successfully","timestamp":"2025-09-11T19:40:27.807Z"}
{"context":{"action":"realtor_dashboard_load","metadata":{"availableLeadsCount":0,"credits":2,"ownedBuyersCount":1,"transactionCount":1},"userId":"22e9157c-afbc-4aa8-b0f2-c10de369faa5"},"level":"info","message":"Realtor dashboard loaded","timestamp":"2025-09-11T19:40:29.366Z"}
{"context":{"action":"realtor_dashboard_load","metadata":{"availableLeadsCount":0,"credits":2,"ownedBuyersCount":1,"transactionCount":1},"userId":"22e9157c-afbc-4aa8-b0f2-c10de369faa5"},"level":"info","message":"Realtor dashboard loaded","timestamp":"2025-09-11T19:40:40.794Z"}
{"context":{"action":"realtor_dashboard_load","metadata":{"availableLeadsCount":0,"credits":2,"ownedBuyersCount":1,"transactionCount":1},"userId":"22e9157c-afbc-4aa8-b0f2-c10de369faa5"},"level":"info","message":"Realtor dashboard loaded","timestamp":"2025-09-11T19:40:46.941Z"}
{"context":{"action":"realtor_dashboard_load","metadata":{"availableLeadsCount":0,"credits":2,"ownedBuyersCount":1,"transactionCount":1},"userId":"22e9157c-afbc-4aa8-b0f2-c10de369faa5"},"level":"info","message":"Realtor dashboard loaded","timestamp":"2025-09-11T19:40:48.056Z"}
