{"context":{"action":"upload_properties","metadata":{"errorCount":1,"fileName":"opportunities.csv","totalRows":119}},"level":"error","message":"No valid properties found in CSV file","timestamp":"2025-09-05T17:05:52.631Z"}
{"context":{"action":"upload_properties","metadata":{"errorCount":1,"fileName":"opportunities.csv","totalRows":119}},"level":"error","message":"No valid properties found in CSV file","timestamp":"2025-09-05T17:06:30.375Z"}
{"context":{"action":"upload_properties","metadata":{"errorCount":1,"fileName":"opportunities.csv","totalRows":119}},"level":"error","message":"No valid properties found in CSV file","timestamp":"2025-09-05T17:16:28.646Z"}
{"context":{"action":"upload_properties"},"error":{},"level":"error","message":"Excel upload failed","timestamp":"2025-09-05T17:42:36.260Z"}
{"context":{"action":"insert_property","metadata":{"property":"931 Cedar Drive"}},"error":{},"level":"error","message":"Failed to insert property","timestamp":"2025-09-06T19:12:03.220Z"}
{"context":{"action":"insert_property","metadata":{"property":"911 Indiana Avenue"}},"error":{},"level":"error","message":"Failed to insert property","timestamp":"2025-09-06T19:12:03.343Z"}
{"context":{"action":"insert_property","metadata":{"property":"907 Colorado River Drive"}},"error":{},"level":"error","message":"Failed to insert property","timestamp":"2025-09-06T19:12:03.469Z"}
{"context":{"action":"insert_property","metadata":{"property":"8973 Southwest 102nd Place"}},"error":{},"level":"error","message":"Failed to insert property","timestamp":"2025-09-06T19:12:03.654Z"}
{"context":{"action":"insert_property","metadata":{"property":"8680 Bolsa Drive"}},"error":{},"level":"error","message":"Failed to insert property","timestamp":"2025-09-06T19:12:03.779Z"}
{"context":{"action":"insert_property","metadata":{"property":"8303 N 33rd Ln, McAllen, TX 78504"}},"error":{},"level":"error","message":"Failed to insert property","timestamp":"2025-09-06T19:12:03.960Z"}
{"context":{"action":"insert_property","metadata":{"property":"818 South Westwood"}},"error":{},"level":"error","message":"Failed to insert property","timestamp":"2025-09-06T19:12:04.084Z"}
{"context":{"action":"insert_property","metadata":{"property":"758 North Cherry Pop Drive"}},"error":{},"level":"error","message":"Failed to insert property","timestamp":"2025-09-06T19:12:04.269Z"}
{"context":{"action":"insert_property","metadata":{"property":"750 Burgundy P"}},"error":{},"level":"error","message":"Failed to insert property","timestamp":"2025-09-06T19:12:04.384Z"}
{"context":{"action":"insert_property","metadata":{"property":"7367 Poppy Way"}},"error":{},"level":"error","message":"Failed to insert property","timestamp":"2025-09-06T19:12:04.575Z"}
{"context":{"action":"insert_property","metadata":{"property":"7304 Ellie B Drive"}},"error":{},"level":"error","message":"Failed to insert property","timestamp":"2025-09-06T19:12:04.700Z"}
{"context":{"action":"insert_property","metadata":{"property":"7238 Dianne Drive"}},"error":{},"level":"error","message":"Failed to insert property","timestamp":"2025-09-06T19:12:04.883Z"}
{"context":{"action":"insert_property","metadata":{"property":"7082 Harvest Way"}},"error":{},"level":"error","message":"Failed to insert property","timestamp":"2025-09-06T19:12:05.003Z"}
{"context":{"action":"insert_property","metadata":{"property":"6818 Marimba Place"}},"error":{},"level":"error","message":"Failed to insert property","timestamp":"2025-09-06T19:12:05.189Z"}
{"context":{"action":"insert_property","metadata":{"property":"6432 Sarasota Street"}},"error":{},"level":"error","message":"Failed to insert property","timestamp":"2025-09-06T19:12:05.308Z"}
{"context":{"action":"insert_property","metadata":{"property":"607 Hollywood Boulevard East"}},"error":{},"level":"error","message":"Failed to insert property","timestamp":"2025-09-06T19:12:05.499Z"}
{"context":{"action":"insert_property","metadata":{"property":"582 Five Mile Road"}},"error":{},"level":"error","message":"Failed to insert property","timestamp":"2025-09-06T19:12:05.586Z"}
{"context":{"action":"insert_property","metadata":{"property":"5409 Chimney Rock Road"}},"error":{},"level":"error","message":"Failed to insert property","timestamp":"2025-09-06T19:12:05.697Z"}
{"context":{"action":"insert_property","metadata":{"property":"5329 Ogilvie Lane"}},"error":{},"level":"error","message":"Failed to insert property","timestamp":"2025-09-06T19:12:05.808Z"}
{"context":{"action":"insert_property","metadata":{"property":"515 Mitchell Avenue"}},"error":{},"level":"error","message":"Failed to insert property","timestamp":"2025-09-06T19:12:06.009Z"}
{"context":{"action":"insert_property","metadata":{"property":"512 Neese Road"}},"error":{},"level":"error","message":"Failed to insert property","timestamp":"2025-09-06T19:12:06.102Z"}
{"context":{"action":"insert_property","metadata":{"property":"507 West 13th Street"}},"error":{},"level":"error","message":"Failed to insert property","timestamp":"2025-09-06T19:12:06.223Z"}
{"context":{"action":"insert_property","metadata":{"property":"50 Cedar Road"}},"error":{},"level":"error","message":"Failed to insert property","timestamp":"2025-09-06T19:12:06.315Z"}
{"context":{"action":"insert_property","metadata":{"property":"475 Mount Vernon Highway Northeast"}},"error":{},"level":"error","message":"Failed to insert property","timestamp":"2025-09-06T19:12:06.523Z"}
{"context":{"action":"insert_property","metadata":{"property":"4714 Larcade Drive"}},"error":{},"level":"error","message":"Failed to insert property","timestamp":"2025-09-06T19:12:06.635Z"}
{"context":{"action":"insert_property","metadata":{"property":"4510 Helena Street Northeast"}},"error":{},"level":"error","message":"Failed to insert property","timestamp":"2025-09-06T19:12:06.827Z"}
{"context":{"action":"insert_property","metadata":{"property":"437 Middle Green Loop"}},"error":{},"level":"error","message":"Failed to insert property","timestamp":"2025-09-06T19:12:06.954Z"}
{"context":{"action":"insert_property","metadata":{"property":"40130 North Thunder Hills Court"}},"error":{},"level":"error","message":"Failed to insert property","timestamp":"2025-09-06T19:12:07.076Z"}
{"context":{"action":"insert_property","metadata":{"property":"401 16th Street Northwest"}},"error":{},"level":"error","message":"Failed to insert property","timestamp":"2025-09-06T19:12:07.186Z"}
{"context":{"action":"insert_property","metadata":{"property":"3508 Plazas Del Lago Dr, San Angelo, TX 76903"}},"error":{},"level":"error","message":"Failed to insert property","timestamp":"2025-09-06T19:12:07.309Z"}
{"context":{"action":"insert_property","metadata":{"property":"3401 Floyd Street"}},"error":{},"level":"error","message":"Failed to insert property","timestamp":"2025-09-06T19:12:07.441Z"}
{"context":{"action":"insert_property","metadata":{"property":"307 Crooked Pine Trail"}},"error":{},"level":"error","message":"Failed to insert property","timestamp":"2025-09-06T19:12:07.558Z"}
{"context":{"action":"insert_property","metadata":{"property":"2870 Pharr Court South Northwest"}},"error":{},"level":"error","message":"Failed to insert property","timestamp":"2025-09-06T19:12:07.750Z"}
{"context":{"action":"insert_property","metadata":{"property":"2842 Lucoma Drive"}},"error":{},"level":"error","message":"Failed to insert property","timestamp":"2025-09-06T19:12:07.862Z"}
{"context":{"action":"insert_property","metadata":{"property":"2657 Lenox Road Northeast"}},"error":{},"level":"error","message":"Failed to insert property","timestamp":"2025-09-06T19:12:08.057Z"}
{"context":{"action":"insert_property","metadata":{"property":"2608 Linva Ave, Edinburg, TX 78541"}},"error":{},"level":"error","message":"Failed to insert property","timestamp":"2025-09-06T19:12:08.175Z"}
{"context":{"action":"insert_property","metadata":{"property":"2543 Wisdom Court"}},"error":{},"level":"error","message":"Failed to insert property","timestamp":"2025-09-06T19:12:08.363Z"}
{"context":{"action":"insert_property","metadata":{"property":"24030 Banyan Lane"}},"error":{},"level":"error","message":"Failed to insert property","timestamp":"2025-09-06T19:12:08.482Z"}
{"context":{"action":"insert_property","metadata":{"property":"2307 Flintstone Circle"}},"error":{},"level":"error","message":"Failed to insert property","timestamp":"2025-09-06T19:12:08.672Z"}
{"context":{"action":"insert_property","metadata":{"property":"225 East Main Street"}},"error":{},"level":"error","message":"Failed to insert property","timestamp":"2025-09-06T19:12:08.761Z"}
{"context":{"action":"insert_property","metadata":{"property":"2203 Foxcroft Circle"}},"error":{},"level":"error","message":"Failed to insert property","timestamp":"2025-09-06T19:12:08.849Z"}
{"context":{"action":"insert_property","metadata":{"property":"2162 East Arkansas Lane"}},"error":{},"level":"error","message":"Failed to insert property","timestamp":"2025-09-06T19:12:08.979Z"}
{"context":{"action":"insert_property","metadata":{"property":"2099 Easterwood Court"}},"error":{},"level":"error","message":"Failed to insert property","timestamp":"2025-09-06T19:12:09.069Z"}
{"context":{"action":"insert_property","metadata":{"property":"2023 Peace Dr."}},"error":{},"level":"error","message":"Failed to insert property","timestamp":"2025-09-06T19:12:09.286Z"}
{"context":{"action":"insert_property","metadata":{"property":"202 East Green Street"}},"error":{},"level":"error","message":"Failed to insert property","timestamp":"2025-09-06T19:12:09.374Z"}
{"context":{"action":"insert_property","metadata":{"property":"1826 Portsmouth Street"}},"error":{},"level":"error","message":"Failed to insert property","timestamp":"2025-09-06T19:12:09.494Z"}
{"context":{"action":"insert_property","metadata":{"property":"177 Agua Sarca"}},"error":{},"level":"error","message":"Failed to insert property","timestamp":"2025-09-06T19:12:09.604Z"}
{"context":{"action":"insert_property","metadata":{"property":"159 Southeast Sailfish Lane"}},"error":{},"level":"error","message":"Failed to insert property","timestamp":"2025-09-06T19:12:09.690Z"}
{"context":{"action":"insert_property","metadata":{"property":"1512 West Fairmont Drive"}},"error":{},"level":"error","message":"Failed to insert property","timestamp":"2025-09-06T19:12:09.784Z"}
{"context":{"action":"insert_property","metadata":{"property":"1500 Humming Bird Court"}},"error":{},"level":"error","message":"Failed to insert property","timestamp":"2025-09-06T19:12:09.878Z"}
{"context":{"action":"insert_property","metadata":{"property":"14247 Greenhaw Lane"}},"error":{},"level":"error","message":"Failed to insert property","timestamp":"2025-09-06T19:12:10.105Z"}
{"context":{"action":"insert_property","metadata":{"property":"2411 55th Avenue West"}},"error":{},"level":"error","message":"Failed to insert property","timestamp":"2025-09-06T19:12:10.195Z"}
{"context":{"action":"insert_property","metadata":{"property":"140 Great Oaks Boulevard"}},"error":{},"level":"error","message":"Failed to insert property","timestamp":"2025-09-06T19:12:10.412Z"}
{"context":{"action":"insert_property","metadata":{"property":"1368 Countryridge Place"}},"error":{},"level":"error","message":"Failed to insert property","timestamp":"2025-09-06T19:12:10.528Z"}
{"context":{"action":"insert_property","metadata":{"property":"13268 Coldham Street"}},"error":{},"level":"error","message":"Failed to insert property","timestamp":"2025-09-06T19:12:10.620Z"}
{"context":{"action":"insert_property","metadata":{"property":"1251 West Kiva Avenue"}},"error":{},"level":"error","message":"Failed to insert property","timestamp":"2025-09-06T19:12:10.732Z"}
{"context":{"action":"insert_property","metadata":{"property":"1216 Forest Street"}},"error":{},"level":"error","message":"Failed to insert property","timestamp":"2025-09-06T19:12:10.822Z"}
{"context":{"action":"insert_property","metadata":{"property":"1207 Ocean Boulevard South"}},"error":{},"level":"error","message":"Failed to insert property","timestamp":"2025-09-06T19:12:10.945Z"}
{"context":{"action":"insert_property","metadata":{"property":"1201 Susan Street"}},"error":{},"level":"error","message":"Failed to insert property","timestamp":"2025-09-06T19:12:11.129Z"}
{"context":{"action":"insert_property","metadata":{"property":"11949 Jim Webb Drive"}},"error":{},"level":"error","message":"Failed to insert property","timestamp":"2025-09-06T19:12:11.219Z"}
{"context":{"action":"insert_property","metadata":{"property":"11630 Southwest 178th Terrace"}},"error":{},"level":"error","message":"Failed to insert property","timestamp":"2025-09-06T19:12:11.309Z"}
{"context":{"action":"insert_property","metadata":{"property":"11392 Santa Barbara"}},"error":{},"level":"error","message":"Failed to insert property","timestamp":"2025-09-06T19:12:11.449Z"}
{"context":{"action":"insert_property","metadata":{"property":"105 West Oak Hill Drive"}},"error":{},"level":"error","message":"Failed to insert property","timestamp":"2025-09-06T19:12:11.642Z"}
{"context":{"action":"insert_property","metadata":{"property":"931 Cedar Drive"}},"error":{},"level":"error","message":"Failed to insert property","timestamp":"2025-09-06T19:14:19.286Z"}
{"context":{"action":"insert_property","metadata":{"property":"911 Indiana Avenue"}},"error":{},"level":"error","message":"Failed to insert property","timestamp":"2025-09-06T19:14:19.437Z"}
{"context":{"action":"insert_property","metadata":{"property":"907 Colorado River Drive"}},"error":{},"level":"error","message":"Failed to insert property","timestamp":"2025-09-06T19:14:19.539Z"}
{"context":{"action":"insert_property","metadata":{"property":"8973 Southwest 102nd Place"}},"error":{},"level":"error","message":"Failed to insert property","timestamp":"2025-09-06T19:14:19.745Z"}
{"context":{"action":"insert_property","metadata":{"property":"8680 Bolsa Drive"}},"error":{},"level":"error","message":"Failed to insert property","timestamp":"2025-09-06T19:14:19.861Z"}
{"context":{"action":"insert_property","metadata":{"property":"8303 N 33rd Ln, McAllen, TX 78504"}},"error":{},"level":"error","message":"Failed to insert property","timestamp":"2025-09-06T19:14:20.052Z"}
{"context":{"action":"insert_property","metadata":{"property":"818 South Westwood"}},"error":{},"level":"error","message":"Failed to insert property","timestamp":"2025-09-06T19:14:20.164Z"}
{"context":{"action":"insert_property","metadata":{"property":"758 North Cherry Pop Drive"}},"error":{},"level":"error","message":"Failed to insert property","timestamp":"2025-09-06T19:14:20.358Z"}
{"context":{"action":"insert_property","metadata":{"property":"750 Burgundy P"}},"error":{},"level":"error","message":"Failed to insert property","timestamp":"2025-09-06T19:14:20.438Z"}
{"context":{"action":"insert_property","metadata":{"property":"7367 Poppy Way"}},"error":{},"level":"error","message":"Failed to insert property","timestamp":"2025-09-06T19:14:20.513Z"}
{"context":{"action":"insert_property","metadata":{"property":"7304 Ellie B Drive"}},"error":{},"level":"error","message":"Failed to insert property","timestamp":"2025-09-06T19:14:20.668Z"}
{"context":{"action":"insert_property","metadata":{"property":"7238 Dianne Drive"}},"error":{},"level":"error","message":"Failed to insert property","timestamp":"2025-09-06T19:14:20.775Z"}
{"context":{"action":"insert_property","metadata":{"property":"7082 Harvest Way"}},"error":{},"level":"error","message":"Failed to insert property","timestamp":"2025-09-06T19:14:20.973Z"}
{"context":{"action":"insert_property","metadata":{"property":"6818 Marimba Place"}},"error":{},"level":"error","message":"Failed to insert property","timestamp":"2025-09-06T19:14:21.077Z"}
{"context":{"action":"insert_property","metadata":{"property":"6432 Sarasota Street"}},"error":{},"level":"error","message":"Failed to insert property","timestamp":"2025-09-06T19:14:21.149Z"}
{"context":{"action":"insert_property","metadata":{"property":"607 Hollywood Boulevard East"}},"error":{},"level":"error","message":"Failed to insert property","timestamp":"2025-09-06T19:14:21.250Z"}
{"context":{"action":"insert_property","metadata":{"property":"582 Five Mile Road"}},"error":{},"level":"error","message":"Failed to insert property","timestamp":"2025-09-06T19:14:21.323Z"}
{"context":{"action":"insert_property","metadata":{"property":"5409 Chimney Rock Road"}},"error":{},"level":"error","message":"Failed to insert property","timestamp":"2025-09-06T19:14:21.486Z"}
{"context":{"action":"insert_property","metadata":{"property":"5329 Ogilvie Lane"}},"error":{},"level":"error","message":"Failed to insert property","timestamp":"2025-09-06T19:14:21.589Z"}
{"context":{"action":"insert_property","metadata":{"property":"515 Mitchell Avenue"}},"error":{},"level":"error","message":"Failed to insert property","timestamp":"2025-09-06T19:14:21.692Z"}
{"context":{"action":"insert_property","metadata":{"property":"512 Neese Road"}},"error":{},"level":"error","message":"Failed to insert property","timestamp":"2025-09-06T19:14:21.789Z"}
{"context":{"action":"insert_property","metadata":{"property":"507 West 13th Street"}},"error":{},"level":"error","message":"Failed to insert property","timestamp":"2025-09-06T19:14:21.942Z"}
{"context":{"action":"insert_property","metadata":{"property":"50 Cedar Road"}},"error":{},"level":"error","message":"Failed to insert property","timestamp":"2025-09-06T19:14:22.044Z"}
{"context":{"action":"insert_property","metadata":{"property":"475 Mount Vernon Highway Northeast"}},"error":{},"level":"error","message":"Failed to insert property","timestamp":"2025-09-06T19:14:22.146Z"}
{"context":{"action":"insert_property","metadata":{"property":"4714 Larcade Drive"}},"error":{},"level":"error","message":"Failed to insert property","timestamp":"2025-09-06T19:14:22.246Z"}
{"context":{"action":"insert_property","metadata":{"property":"4510 Helena Street Northeast"}},"error":{},"level":"error","message":"Failed to insert property","timestamp":"2025-09-06T19:14:22.406Z"}
{"context":{"action":"insert_property","metadata":{"property":"437 Middle Green Loop"}},"error":{},"level":"error","message":"Failed to insert property","timestamp":"2025-09-06T19:14:22.513Z"}
{"context":{"action":"insert_property","metadata":{"property":"40130 North Thunder Hills Court"}},"error":{},"level":"error","message":"Failed to insert property","timestamp":"2025-09-06T19:14:22.586Z"}
{"context":{"action":"insert_property","metadata":{"property":"401 16th Street Northwest"}},"error":{},"level":"error","message":"Failed to insert property","timestamp":"2025-09-06T19:14:22.717Z"}
{"context":{"action":"insert_property","metadata":{"property":"3508 Plazas Del Lago Dr, San Angelo, TX 76903"}},"error":{},"level":"error","message":"Failed to insert property","timestamp":"2025-09-06T19:14:22.793Z"}
{"context":{"action":"insert_property","metadata":{"property":"3401 Floyd Street"}},"error":{},"level":"error","message":"Failed to insert property","timestamp":"2025-09-06T19:14:22.902Z"}
{"context":{"action":"insert_property","metadata":{"property":"307 Crooked Pine Trail"}},"error":{},"level":"error","message":"Failed to insert property","timestamp":"2025-09-06T19:14:22.978Z"}
{"context":{"action":"insert_property","metadata":{"property":"2870 Pharr Court South Northwest"}},"error":{},"level":"error","message":"Failed to insert property","timestamp":"2025-09-06T19:14:23.052Z"}
{"context":{"action":"insert_property","metadata":{"property":"2842 Lucoma Drive"}},"error":{},"level":"error","message":"Failed to insert property","timestamp":"2025-09-06T19:14:23.162Z"}
{"context":{"action":"insert_property","metadata":{"property":"2657 Lenox Road Northeast"}},"error":{},"level":"error","message":"Failed to insert property","timestamp":"2025-09-06T19:14:23.263Z"}
{"context":{"action":"insert_property","metadata":{"property":"2608 Linva Ave, Edinburg, TX 78541"}},"error":{},"level":"error","message":"Failed to insert property","timestamp":"2025-09-06T19:14:23.335Z"}
{"context":{"action":"insert_property","metadata":{"property":"2543 Wisdom Court"}},"error":{},"level":"error","message":"Failed to insert property","timestamp":"2025-09-06T19:14:23.533Z"}
{"context":{"action":"insert_property","metadata":{"property":"24030 Banyan Lane"}},"error":{},"level":"error","message":"Failed to insert property","timestamp":"2025-09-06T19:14:23.656Z"}
{"context":{"action":"insert_property","metadata":{"property":"2307 Flintstone Circle"}},"error":{},"level":"error","message":"Failed to insert property","timestamp":"2025-09-06T19:14:23.751Z"}
{"context":{"action":"insert_property","metadata":{"property":"225 East Main Street"}},"error":{},"level":"error","message":"Failed to insert property","timestamp":"2025-09-06T19:14:23.840Z"}
{"context":{"action":"insert_property","metadata":{"property":"2203 Foxcroft Circle"}},"error":{},"level":"error","message":"Failed to insert property","timestamp":"2025-09-06T19:14:23.943Z"}
{"context":{"action":"insert_property","metadata":{"property":"2162 East Arkansas Lane"}},"error":{},"level":"error","message":"Failed to insert property","timestamp":"2025-09-06T19:14:24.021Z"}
{"context":{"action":"insert_property","metadata":{"property":"2099 Easterwood Court"}},"error":{},"level":"error","message":"Failed to insert property","timestamp":"2025-09-06T19:14:24.099Z"}
{"context":{"action":"insert_property","metadata":{"property":"2023 Peace Dr."}},"error":{},"level":"error","message":"Failed to insert property","timestamp":"2025-09-06T19:14:24.199Z"}
{"context":{"action":"insert_property","metadata":{"property":"202 East Green Street"}},"error":{},"level":"error","message":"Failed to insert property","timestamp":"2025-09-06T19:14:24.298Z"}
{"context":{"action":"insert_property","metadata":{"property":"1826 Portsmouth Street"}},"error":{},"level":"error","message":"Failed to insert property","timestamp":"2025-09-06T19:14:24.370Z"}
{"context":{"action":"insert_property","metadata":{"property":"177 Agua Sarca"}},"error":{},"level":"error","message":"Failed to insert property","timestamp":"2025-09-06T19:14:24.472Z"}
{"context":{"action":"insert_property","metadata":{"property":"159 Southeast Sailfish Lane"}},"error":{},"level":"error","message":"Failed to insert property","timestamp":"2025-09-06T19:14:24.558Z"}
{"context":{"action":"insert_property","metadata":{"property":"1512 West Fairmont Drive"}},"error":{},"level":"error","message":"Failed to insert property","timestamp":"2025-09-06T19:14:24.658Z"}
{"context":{"action":"insert_property","metadata":{"property":"1500 Humming Bird Court"}},"error":{},"level":"error","message":"Failed to insert property","timestamp":"2025-09-06T19:14:24.733Z"}
{"context":{"action":"insert_property","metadata":{"property":"14247 Greenhaw Lane"}},"error":{},"level":"error","message":"Failed to insert property","timestamp":"2025-09-06T19:14:24.864Z"}
{"context":{"action":"insert_property","metadata":{"property":"2411 55th Avenue West"}},"error":{},"level":"error","message":"Failed to insert property","timestamp":"2025-09-06T19:14:24.940Z"}
{"context":{"action":"insert_property","metadata":{"property":"140 Great Oaks Boulevard"}},"error":{},"level":"error","message":"Failed to insert property","timestamp":"2025-09-06T19:14:25.016Z"}
{"context":{"action":"insert_property","metadata":{"property":"1368 Countryridge Place"}},"error":{},"level":"error","message":"Failed to insert property","timestamp":"2025-09-06T19:14:25.171Z"}
{"context":{"action":"insert_property","metadata":{"property":"13268 Coldham Street"}},"error":{},"level":"error","message":"Failed to insert property","timestamp":"2025-09-06T19:14:25.244Z"}
{"context":{"action":"insert_property","metadata":{"property":"1251 West Kiva Avenue"}},"error":{},"level":"error","message":"Failed to insert property","timestamp":"2025-09-06T19:14:25.318Z"}
{"context":{"action":"insert_property","metadata":{"property":"1216 Forest Street"}},"error":{},"level":"error","message":"Failed to insert property","timestamp":"2025-09-06T19:14:25.417Z"}
{"context":{"action":"insert_property","metadata":{"property":"1207 Ocean Boulevard South"}},"error":{},"level":"error","message":"Failed to insert property","timestamp":"2025-09-06T19:14:25.529Z"}
{"context":{"action":"insert_property","metadata":{"property":"1201 Susan Street"}},"error":{},"level":"error","message":"Failed to insert property","timestamp":"2025-09-06T19:14:25.626Z"}
{"context":{"action":"insert_property","metadata":{"property":"11949 Jim Webb Drive"}},"error":{},"level":"error","message":"Failed to insert property","timestamp":"2025-09-06T19:14:25.703Z"}
{"context":{"action":"insert_property","metadata":{"property":"11630 Southwest 178th Terrace"}},"error":{},"level":"error","message":"Failed to insert property","timestamp":"2025-09-06T19:14:25.787Z"}
{"context":{"action":"insert_property","metadata":{"property":"11392 Santa Barbara"}},"error":{},"level":"error","message":"Failed to insert property","timestamp":"2025-09-06T19:14:25.863Z"}
{"context":{"action":"insert_property","metadata":{"property":"105 West Oak Hill Drive"}},"error":{},"level":"error","message":"Failed to insert property","timestamp":"2025-09-06T19:14:25.967Z"}
{"context":{"action":"single_credit_purchase_error"},"error":{"headers":{"access-control-allow-credentials":"true","access-control-allow-methods":"GET, HEAD, PUT, PATCH, POST, DELETE","access-control-allow-origin":"*","access-control-expose-headers":"Request-Id, Stripe-Manage-Version, Stripe-Should-Retry, X-Stripe-External-Auth-Required, X-Stripe-Privileged-Session-Required","access-control-max-age":"300","cache-control":"no-cache, no-store","connection":"keep-alive","content-length":"135","content-security-policy":"base-uri 'none'; default-src 'none'; form-action 'none'; frame-ancestors 'none'; img-src 'self'; script-src 'self' 'report-sample'; style-src 'self'; worker-src 'none'; upgrade-insecure-requests; report-uri https://q.stripe.com/csp-violation?q=z-yip5VoNUHlCE_GbVMlPt8vPlezUM2x1CtDXCpfNlOsu4NpL-tbnUGIN4IPx-QhrREHZPQ3_nrVzHqk","content-type":"application/json","date":"Sat, 06 Sep 2025 19:56:32 GMT","server":"nginx","strict-transport-security":"max-age=63072000; includeSubDomains; preload","vary":"Origin","www-authenticate":"Bearer realm=\"Stripe\"","x-robots-tag":"none","x-wc":"ABHIJ"},"raw":{"headers":{"access-control-allow-credentials":"true","access-control-allow-methods":"GET, HEAD, PUT, PATCH, POST, DELETE","access-control-allow-origin":"*","access-control-expose-headers":"Request-Id, Stripe-Manage-Version, Stripe-Should-Retry, X-Stripe-External-Auth-Required, X-Stripe-Privileged-Session-Required","access-control-max-age":"300","cache-control":"no-cache, no-store","connection":"keep-alive","content-length":"135","content-security-policy":"base-uri 'none'; default-src 'none'; form-action 'none'; frame-ancestors 'none'; img-src 'self'; script-src 'self' 'report-sample'; style-src 'self'; worker-src 'none'; upgrade-insecure-requests; report-uri https://q.stripe.com/csp-violation?q=z-yip5VoNUHlCE_GbVMlPt8vPlezUM2x1CtDXCpfNlOsu4NpL-tbnUGIN4IPx-QhrREHZPQ3_nrVzHqk","content-type":"application/json","date":"Sat, 06 Sep 2025 19:56:32 GMT","server":"nginx","strict-transport-security":"max-age=63072000; includeSubDomains; preload","vary":"Origin","www-authenticate":"Bearer realm=\"Stripe\"","x-robots-tag":"none","x-wc":"ABHIJ"},"message":"Invalid API Key provided: sk_test_*********************here","statusCode":401,"type":"invalid_request_error"},"rawType":"invalid_request_error","statusCode":401,"type":"StripeAuthenticationError"},"level":"error","message":"Single credit purchase failed","timestamp":"2025-09-06T19:56:32.609Z"}
{"context":{},"error":{"action":"realtor_leads_fetch_error"},"level":"error","message":"Failed to fetch realtor leads","timestamp":"2025-09-06T21:01:07.839Z"}
{"context":{},"error":{"action":"realtor_leads_fetch_error"},"level":"error","message":"Failed to fetch realtor leads","timestamp":"2025-09-06T21:02:12.909Z"}
{"context":{},"error":{"action":"realtor_leads_fetch_error"},"level":"error","message":"Failed to fetch realtor leads","timestamp":"2025-09-06T21:16:48.114Z"}
{"context":{},"error":{"action":"realtor_leads_fetch_error"},"level":"error","message":"Failed to fetch realtor leads","timestamp":"2025-09-06T21:19:11.392Z"}
{"context":{},"error":{"action":"realtor_leads_fetch_error"},"level":"error","message":"Failed to fetch realtor leads","timestamp":"2025-09-06T21:19:57.775Z"}
{"context":{"action":"single_credit_purchase_error"},"error":{},"level":"error","message":"Single credit purchase failed","timestamp":"2025-09-06T21:22:59.225Z"}
{"context":{},"error":{"action":"realtor_leads_fetch_error"},"level":"error","message":"Failed to fetch realtor leads","timestamp":"2025-09-06T21:25:12.380Z"}
{"context":{},"error":{"action":"realtor_leads_fetch_error"},"level":"error","message":"Failed to fetch realtor leads","timestamp":"2025-09-06T21:26:02.562Z"}
{"context":{},"error":{"action":"realtor_leads_fetch_error"},"level":"error","message":"Failed to fetch realtor leads","timestamp":"2025-09-06T21:27:56.818Z"}
{"context":{},"error":{"action":"realtor_leads_fetch_error"},"level":"error","message":"Failed to fetch realtor leads","timestamp":"2025-09-06T21:28:04.844Z"}
{"context":{},"error":{"action":"realtor_leads_fetch_error"},"level":"error","message":"Failed to fetch realtor leads","timestamp":"2025-09-06T21:28:14.587Z"}
{"context":{},"error":{"action":"realtor_leads_fetch_error"},"level":"error","message":"Failed to fetch realtor leads","timestamp":"2025-09-06T21:28:15.219Z"}
{"context":{},"error":{"action":"realtor_leads_fetch_error"},"level":"error","message":"Failed to fetch realtor leads","timestamp":"2025-09-06T21:31:30.899Z"}
{"context":{},"error":{"action":"realtor_leads_fetch_error"},"level":"error","message":"Failed to fetch realtor leads","timestamp":"2025-09-06T21:31:31.846Z"}
{"context":{},"error":{"action":"transaction_history_error"},"level":"error","message":"Failed to fetch transaction history","timestamp":"2025-09-06T21:59:36.296Z"}
{"context":{},"error":{"action":"transaction_history_error"},"level":"error","message":"Failed to fetch transaction history","timestamp":"2025-09-06T21:59:38.368Z"}
{"context":{},"error":{"action":"transaction_history_error"},"level":"error","message":"Failed to fetch transaction history","timestamp":"2025-09-06T21:59:48.217Z"}
{"context":{},"error":{"action":"transaction_history_error"},"level":"error","message":"Failed to fetch transaction history","timestamp":"2025-09-06T21:59:50.381Z"}
{"context":{},"error":{"action":"transaction_history_error"},"level":"error","message":"Failed to fetch transaction history","timestamp":"2025-09-06T21:59:52.658Z"}
{"context":{},"error":{"action":"transaction_history_error"},"level":"error","message":"Failed to fetch transaction history","timestamp":"2025-09-06T21:59:55.000Z"}
{"context":{},"error":{"action":"transaction_history_error"},"level":"error","message":"Failed to fetch transaction history","timestamp":"2025-09-06T21:59:56.969Z"}
{"context":{},"error":{"action":"transaction_history_error"},"level":"error","message":"Failed to fetch transaction history","timestamp":"2025-09-06T21:59:58.998Z"}
{"context":{},"error":{"action":"transaction_history_error"},"level":"error","message":"Failed to fetch transaction history","timestamp":"2025-09-06T22:02:05.871Z"}
{"context":{},"error":{"action":"transaction_history_error"},"level":"error","message":"Failed to fetch transaction history","timestamp":"2025-09-06T22:02:06.840Z"}
{"context":{},"error":{"action":"transaction_history_error"},"level":"error","message":"Failed to fetch transaction history","timestamp":"2025-09-06T22:02:51.570Z"}
{"context":{},"error":{"action":"transaction_history_error"},"level":"error","message":"Failed to fetch transaction history","timestamp":"2025-09-06T22:02:53.997Z"}
{"context":{},"error":{"action":"transaction_history_error"},"level":"error","message":"Failed to fetch transaction history","timestamp":"2025-09-06T22:03:12.935Z"}
{"context":{},"error":{"action":"transaction_history_error"},"level":"error","message":"Failed to fetch transaction history","timestamp":"2025-09-06T22:15:25.907Z"}
{"context":{},"error":{"action":"transaction_history_error"},"level":"error","message":"Failed to fetch transaction history","timestamp":"2025-09-06T22:15:27.974Z"}
{"context":{"action":"insert_property","metadata":{"errorMessage":"Function setDoc() called with invalid data. Unsupported field value: undefined (found in field latitude in document properties/8303n33rdlnmcallentx78504_mcallen_tx)","errorStack":"FirebaseError: Function setDoc() called with invalid data. Unsupported field value: undefined (found in field latitude in document properties/8303n33rdlnmcallentx78504_mcallen_tx)","errorType":"FirebaseError","property":"8303 N 33rd Ln, McAllen, TX 78504","propertyId":"8303n33rdlnmcallentx78504_mcallen_tx"}},"error":{"code":"invalid-argument","name":"FirebaseError"},"level":"error","message":"Failed to insert property","timestamp":"2025-09-07T02:01:23.148Z"}
{"context":{"action":"insert_property","metadata":{"errorMessage":"Function setDoc() called with invalid data. Unsupported field value: undefined (found in field latitude in document properties/2608linvaaveedinburgtx78541_edinburg_tx)","errorStack":"FirebaseError: Function setDoc() called with invalid data. Unsupported field value: undefined (found in field latitude in document properties/2608linvaaveedinburgtx78541_edinburg_tx)","errorType":"FirebaseError","property":"2608 Linva Ave, Edinburg, TX 78541","propertyId":"2608linvaaveedinburgtx78541_edinburg_tx"}},"error":{"code":"invalid-argument","name":"FirebaseError"},"level":"error","message":"Failed to insert property","timestamp":"2025-09-07T02:01:27.824Z"}
{"context":{},"error":{"action":"admin_dispute_resolve_error"},"level":"error","message":"Failed to resolve dispute","timestamp":"2025-09-07T02:43:07.363Z"}
{"context":{},"error":{"action":"admin_dispute_resolve_error"},"level":"error","message":"Failed to resolve dispute","timestamp":"2025-09-07T02:43:08.113Z"}
{"context":{},"error":{"action":"admin_dispute_resolve_error"},"level":"error","message":"Failed to resolve dispute","timestamp":"2025-09-07T02:43:08.838Z"}
{"context":{},"error":{"action":"admin_dispute_resolve_error"},"level":"error","message":"Failed to resolve dispute","timestamp":"2025-09-07T02:43:31.902Z"}
{"context":{},"error":{"action":"admin_dispute_resolve_error"},"level":"error","message":"Failed to resolve dispute","timestamp":"2025-09-07T02:43:32.697Z"}
{"context":{},"error":{"action":"admin_dispute_resolve_error"},"level":"error","message":"Failed to resolve dispute","timestamp":"2025-09-07T02:43:33.409Z"}
{"context":{},"error":{"action":"buyer_profile_error"},"level":"error","message":"Failed to save buyer profile","timestamp":"2025-09-07T06:20:41.631Z"}
{"context":{},"error":{"action":"buyer_profile_error"},"level":"error","message":"Failed to save buyer profile","timestamp":"2025-09-07T06:23:10.010Z"}
{"context":{},"error":{"action":"buyer_profile_error"},"level":"error","message":"Failed to save buyer profile","timestamp":"2025-09-07T06:23:16.653Z"}
{"context":{},"error":{"action":"buyer_profile_error"},"level":"error","message":"Failed to save buyer profile","timestamp":"2025-09-07T06:25:22.307Z"}
{"context":{},"error":{"action":"buyer_profile_error"},"level":"error","message":"Failed to save buyer profile","timestamp":"2025-09-07T06:25:34.079Z"}
{"context":{},"error":{"action":"buyer_profile_error"},"level":"error","message":"Failed to save buyer profile","timestamp":"2025-09-07T06:25:59.289Z"}
{"context":{},"error":{"action":"buyer_profile_error"},"level":"error","message":"Failed to save buyer profile","timestamp":"2025-09-07T06:36:31.296Z"}
{"context":{},"error":{"action":"buyer_profile_error"},"level":"error","message":"Failed to save buyer profile","timestamp":"2025-09-07T06:40:22.894Z"}
{"context":{},"error":{"action":"buyer_profile_error"},"level":"error","message":"Failed to save buyer profile","timestamp":"2025-09-07T06:47:01.764Z"}
{"context":{},"error":{"action":"buyer_profile_error"},"level":"error","message":"Failed to save buyer profile","timestamp":"2025-09-07T06:47:13.217Z"}
{"context":{},"error":{"action":"buyer_profile_error"},"level":"error","message":"Failed to save buyer profile","timestamp":"2025-09-07T06:48:09.278Z"}
